<?xml version="1.0" encoding="UTF-8"?>
<!-- Generated by org.testng.reporters.JUnitReportReporter -->
<testsuite hostname="Jagans-MacBook-Air.local" failures="0" tests="1" name="RestAPI.Test_1" time="0.506" errors="0" timestamp="2025-07-26T13:29:04 IST" skipped="0">
  <testcase classname="RestAPI.Test_1" name="Test1" time="0.506"/>
</testsuite> <!-- RestAPI.Test_1 -->
